# configure exec: ./configure --prefix=/Users/rmasonh_dev/Desktop/repo/kafka-nodejs-getting-started/node_modules/node-rdkafka/build/deps --libdir=/Users/rmasonh_dev/Desktop/repo/kafka-nodejs-getting-started/node_modules/node-rdkafka/build/deps --prefix=/Users/rmasonh_dev/Desktop/repo/kafka-nodejs-getting-started/node_modules/node-rdkafka/build/deps --libdir=/Users/rmasonh_dev/Desktop/repo/kafka-nodejs-getting-started/node_modules/node-rdkafka/build/deps
# On Sun Feb 19 13:45:51 EST 2023
DBG 61103: Setting distro (distro) status to ok (action ignore)
DBG 61103: ccenv: WITH_CC:  --version failed: mklove/modules/configure.base: line 1824: --version: command not found
DBG 61103: Setting ccenv (ccenv) status to failed (action cont)
DBG 61103: Check ccenv (WITH_CC, action cont (originally cont)) failed: command ' --version' failed:
mklove/modules/configure.base: line 1824: --version: command not found
DBG 61103: Setting gcc (gcc) status to ok (action cont)
DBG 61103: cxxenv: WITH_CXX:  --version failed: mklove/modules/configure.base: line 1824: --version: command not found
DBG 61103: Setting cxxenv (cxxenv) status to failed (action cont)
DBG 61103: Check cxxenv (WITH_CXX, action cont (originally cont)) failed: command ' --version' failed:
mklove/modules/configure.base: line 1824: --version: command not found
DBG 61103: Setting gxx (gxx) status to ok (action cont)
DBG 61103: Setting ld (ld) status to ok (action disable)
DBG 61103: Setting nm (nm) status to ok (action disable)
DBG 61103: Setting objdump (objdump) status to ok (action disable)
DBG 61103: Setting strip (strip) status to ok (action disable)
DBG 61103: Setting libtool (libtool) status to ok (action disable)
DBG 61103: Setting ranlib (ranlib) status to ok (action disable)
DBG 61103: Compile check cc_g_dwarf () (sub=0): gcc   -Wall -Werror _mkltmpulOC9B.c -o _mkltmpulOC9B.c.o  -L/Users/rmasonh_dev/Desktop/repo/kafka-nodejs-getting-started/node_modules/node-rdkafka/build/deps -gstrict-dwarf 
DBG 61103: Setting cc_g_dwarf (cc_g_dwarf) status to ok (action cont)
DBG 61103: pkgconfig: WITH_PKGCONFIG: pkg-config --version failed: mklove/modules/configure.base: line 1824: pkg-config: command not found
DBG 61103: Setting pkgconfig (pkgconfig) status to failed (action cont)
DBG 61103: Check pkgconfig (WITH_PKGCONFIG, action cont (originally cont)) failed: command 'pkg-config --version' failed:
mklove/modules/configure.base: line 1824: pkg-config: command not found
DBG 61103: install: WITH_INSTALL: /usr/bin/install --version failed: /usr/bin/install: illegal option -- -
usage: install [-bCcpSsv] [-B suffix] [-f flags] [-g group] [-m mode]
               [-o owner] file1 file2
       install [-bCcpSsv] [-B suffix] [-f flags] [-g group] [-m mode]
               [-o owner] file1 ... fileN directory
       install -d [-v] [-g group] [-m mode] [-o owner] directory ...
DBG 61103: Setting install (install) status to failed (action cont)
DBG 61103: Check install (WITH_INSTALL, action cont (originally cont)) failed: command '/usr/bin/install --version' failed:
/usr/bin/install: illegal option -- -
usage: install [-bCcpSsv] [-B suffix] [-f flags] [-g group] [-m mode]
               [-o owner] file1 file2
       install [-bCcpSsv] [-B suffix] [-f flags] [-g group] [-m mode]
               [-o owner] file1 ... fileN directory
       install -d [-v] [-g group] [-m mode] [-o owner] directory ...
DBG 61103: gnuar: HAS_GNU_AR: ar -V 2>/dev/null | grep -q GNU failed: ar: one of options -dmpqrtsx is required
usage:  ar -d [-TLsv] archive file ...
	ar -m [-TLsv] archive file ...
	ar -m [-abiTLsv] position archive file ...
	ar -p [-TLsv] archive [file ...]
	ar -q [-cTLsv] archive file ...
	ar -r [-cuTLsv] archive file ...
	ar -r [-abciuTLsv] position archive file ...
	ar -t [-TLsv] archive [file ...]
	ar -x [-ouTLsv] archive [file ...]
DBG 61103: Setting gnuar (gnuar) status to failed (action disable)
DBG 61103: Check gnuar (HAS_GNU_AR, action disable (originally disable)) failed: command 'ar -V 2>/dev/null | grep -q GNU' failed:
ar: one of options -dmpqrtsx is required
usage:  ar -d [-TLsv] archive file ...
	ar -m [-TLsv] archive file ...
	ar -m [-abiTLsv] position archive file ...
	ar -p [-TLsv] archive [file ...]
	ar -q [-cTLsv] archive file ...
	ar -r [-cuTLsv] archive file ...
	ar -r [-abciuTLsv] position archive file ...
	ar -t [-TLsv] archive [file ...]
	ar -x [-ouTLsv] archive [file ...]
DBG 61103: Compile check PIC (HAVE_PIC) (sub=0): gcc  -gstrict-dwarf -O2 -Wall -Werror _mkltmpQ5lAsq.c -o _mkltmpQ5lAsq.c.o  -L/Users/rmasonh_dev/Desktop/repo/kafka-nodejs-getting-started/node_modules/node-rdkafka/build/deps -fPIC 
DBG 61103: Setting PIC (PIC) status to ok (action disable)
DBG 61103: Compile check gnulib (WITH_GNULD) (sub=0): gcc  -gstrict-dwarf -O2 -fPIC -Wall -Werror _mkltmpWfA9ii.c -o _mkltmpWfA9ii.c.o  -L/Users/rmasonh_dev/Desktop/repo/kafka-nodejs-getting-started/node_modules/node-rdkafka/build/deps -shared -Wl,-soname,mkltest.0 
DBG 61103: compile check for gnulib (WITH_GNULD) failed: gcc  -gstrict-dwarf -O2 -fPIC -Wall -Werror _mkltmpWfA9ii.c -o _mkltmpWfA9ii.c.o  -L/Users/rmasonh_dev/Desktop/repo/kafka-nodejs-getting-started/node_modules/node-rdkafka/build/deps -shared -Wl,-soname,mkltest.0 : ld: unknown option: -soname
clang: error: linker command failed with exit code 1 (use -v to see invocation)
DBG 61103: Setting gnulib (gnulib) status to failed (action cont)
DBG 61103: Check gnulib (WITH_GNULD, action cont (originally cont)) failed: compile check failed:
CC: CC
flags: -shared -Wl,-soname,mkltest.0
gcc  -gstrict-dwarf -O2 -fPIC -Wall -Werror _mkltmpWfA9ii.c -o _mkltmpWfA9ii.c.o  -L/Users/rmasonh_dev/Desktop/repo/kafka-nodejs-getting-started/node_modules/node-rdkafka/build/deps -shared -Wl,-soname,mkltest.0 :
ld: unknown option: -soname
clang: error: linker command failed with exit code 1 (use -v to see invocation)
source: 
DBG 61103: Compile check osxlib (WITH_OSXLD) (sub=0): gcc  -gstrict-dwarf -O2 -fPIC -Wall -Werror _mkltmprOrmon.c -o _mkltmprOrmon.c.o  -L/Users/rmasonh_dev/Desktop/repo/kafka-nodejs-getting-started/node_modules/node-rdkafka/build/deps -dynamiclib -Wl,-install_name,/tmp/mkltest.so.0 
DBG 61103: Setting osxlib (osxlib) status to ok (action cont)
DBG 61103: Compile check ldsflagvs () (sub=0): gcc  -gstrict-dwarf -O2 -fPIC -Wall -Werror _mkltmppcN8C7.c -o _mkltmppcN8C7.c.o  -L/Users/rmasonh_dev/Desktop/repo/kafka-nodejs-getting-started/node_modules/node-rdkafka/build/deps -shared -Wl,--version-script=_mkltmpcoGUgw 
DBG 61103: compile check for ldsflagvs () failed: gcc  -gstrict-dwarf -O2 -fPIC -Wall -Werror _mkltmppcN8C7.c -o _mkltmppcN8C7.c.o  -L/Users/rmasonh_dev/Desktop/repo/kafka-nodejs-getting-started/node_modules/node-rdkafka/build/deps -shared -Wl,--version-script=_mkltmpcoGUgw : ld: unknown option: --version-script=_mkltmpcoGUgw
clang: error: linker command failed with exit code 1 (use -v to see invocation)
DBG 61103: Setting ldsflagvs (ldsflagvs) status to failed (action cont)
DBG 61103: Check ldsflagvs (, action cont (originally cont)) failed: compile check failed:
CC: CC
flags: -shared -Wl,--version-script=_mkltmpcoGUgw
gcc  -gstrict-dwarf -O2 -fPIC -Wall -Werror _mkltmppcN8C7.c -o _mkltmppcN8C7.c.o  -L/Users/rmasonh_dev/Desktop/repo/kafka-nodejs-getting-started/node_modules/node-rdkafka/build/deps -shared -Wl,--version-script=_mkltmpcoGUgw :
ld: unknown option: --version-script=_mkltmpcoGUgw
clang: error: linker command failed with exit code 1 (use -v to see invocation)
source: 
DBG 61103: Compile check ldsflagm () (sub=0): gcc  -gstrict-dwarf -O2 -fPIC -Wall -Werror _mkltmpi7ht36.c -o _mkltmpi7ht36.c.o  -L/Users/rmasonh_dev/Desktop/repo/kafka-nodejs-getting-started/node_modules/node-rdkafka/build/deps -shared -Wl,-M_mkltmpcoGUgw 
DBG 61103: compile check for ldsflagm () failed: gcc  -gstrict-dwarf -O2 -fPIC -Wall -Werror _mkltmpi7ht36.c -o _mkltmpi7ht36.c.o  -L/Users/rmasonh_dev/Desktop/repo/kafka-nodejs-getting-started/node_modules/node-rdkafka/build/deps -shared -Wl,-M_mkltmpcoGUgw : ld: unknown option: -M_mkltmpcoGUgw
clang: error: linker command failed with exit code 1 (use -v to see invocation)
DBG 61103: Setting ldsflagm (ldsflagm) status to failed (action ignore)
DBG 61103: Check ldsflagm (, action ignore (originally ignore)) failed: compile check failed:
CC: CC
flags: -shared -Wl,-M_mkltmpcoGUgw
gcc  -gstrict-dwarf -O2 -fPIC -Wall -Werror _mkltmpi7ht36.c -o _mkltmpi7ht36.c.o  -L/Users/rmasonh_dev/Desktop/repo/kafka-nodejs-getting-started/node_modules/node-rdkafka/build/deps -shared -Wl,-M_mkltmpcoGUgw :
ld: unknown option: -M_mkltmpcoGUgw
clang: error: linker command failed with exit code 1 (use -v to see invocation)
source: 
DBG 61103: Compile check __atomic_32 (HAVE_ATOMICS_32) (sub=0): gcc  -gstrict-dwarf -O2 -fPIC -Wall -Werror _mkltmpt0wtqP.c -o _mkltmpt0wtqP.c.o  -L/Users/rmasonh_dev/Desktop/repo/kafka-nodejs-getting-started/node_modules/node-rdkafka/build/deps  
DBG 61103: Setting __atomic_32 (__atomic_32) status to ok (action cont)
DBG 61103: Compile check __atomic_64 (HAVE_ATOMICS_64) (sub=0): gcc  -gstrict-dwarf -O2 -fPIC -Wall -Werror _mkltmpW8AM7U.c -o _mkltmpW8AM7U.c.o  -L/Users/rmasonh_dev/Desktop/repo/kafka-nodejs-getting-started/node_modules/node-rdkafka/build/deps  
DBG 61103: Setting __atomic_64 (__atomic_64) status to ok (action cont)
DBG 61103: Compile check socket () (sub=0): gcc  -gstrict-dwarf -O2 -fPIC -Wall -Wsign-compare -Wfloat-equal -Wpointer-arith -Wcast-align -Wall -Werror _mkltmpJSqi2o.c -o _mkltmpJSqi2o.c.o  -L/Users/rmasonh_dev/Desktop/repo/kafka-nodejs-getting-started/node_modules/node-rdkafka/build/deps  
DBG 61103: Setting socket (socket) status to ok (action cont)
DBG 61103: Setting parseversion (parseversion) status to ok (action cont)
DBG 61103: librt: Check for static library (libs -lrt, arfile variable STATIC_LIB_librt=, static filenames )
DBG 61103: Compile check librt () (sub=0): gcc  -gstrict-dwarf -O2 -fPIC -Wall -Wsign-compare -Wfloat-equal -Wpointer-arith -Wcast-align -Wall -Werror _mkltmpHiUdcv.c -o _mkltmpHiUdcv.c.o  -L/Users/rmasonh_dev/Desktop/repo/kafka-nodejs-getting-started/node_modules/node-rdkafka/build/deps -lrt 
DBG 61103: compile check for librt () failed: gcc  -gstrict-dwarf -O2 -fPIC -Wall -Wsign-compare -Wfloat-equal -Wpointer-arith -Wcast-align -Wall -Werror _mkltmpHiUdcv.c -o _mkltmpHiUdcv.c.o  -L/Users/rmasonh_dev/Desktop/repo/kafka-nodejs-getting-started/node_modules/node-rdkafka/build/deps -lrt : ld: library not found for -lrt
clang: error: linker command failed with exit code 1 (use -v to see invocation)
DBG 61103: Setting librt (librt) status to failed (action cont)
DBG 61103: Check librt (, action cont (originally cont)) failed: compile check failed:
CC: CC
flags: -lrt
gcc  -gstrict-dwarf -O2 -fPIC -Wall -Wsign-compare -Wfloat-equal -Wpointer-arith -Wcast-align -Wall -Werror _mkltmpHiUdcv.c -o _mkltmpHiUdcv.c.o  -L/Users/rmasonh_dev/Desktop/repo/kafka-nodejs-getting-started/node_modules/node-rdkafka/build/deps -lrt :
ld: library not found for -lrt
clang: error: linker command failed with exit code 1 (use -v to see invocation)
source: 
DBG 61103: libpthread: Check for static library (libs -lpthread, arfile variable STATIC_LIB_libpthread=, static filenames )
DBG 61103: Compile check libpthread () (sub=0): gcc  -gstrict-dwarf -O2 -fPIC -Wall -Wsign-compare -Wfloat-equal -Wpointer-arith -Wcast-align -Wall -Werror _mkltmpURVzsA.c -o _mkltmpURVzsA.c.o  -L/Users/rmasonh_dev/Desktop/repo/kafka-nodejs-getting-started/node_modules/node-rdkafka/build/deps -lpthread 
DBG 61103: Setting libpthread (libpthread) status to ok (action fail)
DBG 61103: libpthread: from lib_check: LIBS: prepend -lpthread
DBG 61103: c11threads: Check for static library (libs -lpthread, arfile variable STATIC_LIB_c11threads=, static filenames )
DBG 61103: Compile check c11threads (WITH_C11THREADS) (sub=0): gcc  -gstrict-dwarf -O2 -fPIC -Wall -Wsign-compare -Wfloat-equal -Wpointer-arith -Wcast-align -Wall -Werror _mkltmp2QpMdH.c -o _mkltmp2QpMdH.c.o  -L/Users/rmasonh_dev/Desktop/repo/kafka-nodejs-getting-started/node_modules/node-rdkafka/build/deps -lpthread -lpthread
DBG 61103: compile check for c11threads (WITH_C11THREADS) failed: gcc  -gstrict-dwarf -O2 -fPIC -Wall -Wsign-compare -Wfloat-equal -Wpointer-arith -Wcast-align -Wall -Werror _mkltmp2QpMdH.c -o _mkltmp2QpMdH.c.o  -L/Users/rmasonh_dev/Desktop/repo/kafka-nodejs-getting-started/node_modules/node-rdkafka/build/deps -lpthread -lpthread: _mkltmp2QpMdH.c:2:10: fatal error: 'threads.h' file not found
#include <threads.h>
         ^~~~~~~~~~~
1 error generated.
DBG 61103: Setting c11threads (c11threads) status to failed (action disable)
DBG 61103: Check c11threads (WITH_C11THREADS, action disable (originally disable)) failed: compile check failed:
CC: CC
flags: -lpthread
gcc  -gstrict-dwarf -O2 -fPIC -Wall -Wsign-compare -Wfloat-equal -Wpointer-arith -Wcast-align -Wall -Werror _mkltmp2QpMdH.c -o _mkltmp2QpMdH.c.o  -L/Users/rmasonh_dev/Desktop/repo/kafka-nodejs-getting-started/node_modules/node-rdkafka/build/deps -lpthread -lpthread:
_mkltmp2QpMdH.c:2:10: fatal error: 'threads.h' file not found
#include <threads.h>
         ^~~~~~~~~~~
1 error generated.
source: 
#include <threads.h>


static int start_func (void *arg) {
   int iarg = *(int *)arg;
   return iarg;
}

void foo (void) {
    thrd_t thr;
    int arg = 1;
    if (thrd_create(&thr, start_func, (void *)&arg) != thrd_success) {
      ;
    }
}

DBG 61103: libdl: Check for static library (libs -ldl, arfile variable STATIC_LIB_libdl=, static filenames )
DBG 61103: Compile check libdl (WITH_LIBDL) (sub=0): gcc  -gstrict-dwarf -O2 -fPIC -Wall -Wsign-compare -Wfloat-equal -Wpointer-arith -Wcast-align -Wall -Werror _mkltmpfHFrZW.c -o _mkltmpfHFrZW.c.o  -L/Users/rmasonh_dev/Desktop/repo/kafka-nodejs-getting-started/node_modules/node-rdkafka/build/deps -ldl -lpthread
DBG 61103: Setting libdl (libdl) status to ok (action disable)
DBG 61103: libdl: from lib_check: LIBS: prepend -ldl
DBG 61103: zlib: Check for static library (libs -lz, arfile variable STATIC_LIB_zlib=, static filenames libz.a)
DBG 61103: Compile check zlib (WITH_ZLIB) (sub=0): gcc  -gstrict-dwarf -O2 -fPIC -Wall -Wsign-compare -Wfloat-equal -Wpointer-arith -Wcast-align -Wall -Werror _mkltmpeXO2VB.c -o _mkltmpeXO2VB.c.o  -L/Users/rmasonh_dev/Desktop/repo/kafka-nodejs-getting-started/node_modules/node-rdkafka/build/deps -lz -ldl -lpthread
DBG 61103: Setting zlib (zlib) status to ok (action disable)
DBG 61103: zlib: from lib_check: LIBS: prepend -lz
DBG 61103: libcrypto: Check for static library (libs -lcrypto, arfile variable STATIC_LIB_libcrypto=, static filenames libcrypto.a)
DBG 61103: Compile check libcrypto () (sub=0): gcc  -gstrict-dwarf -O2 -fPIC -Wall -Wsign-compare -Wfloat-equal -Wpointer-arith -Wcast-align -Wall -Werror _mkltmpSMFkFP.c -o _mkltmpSMFkFP.c.o  -L/Users/rmasonh_dev/Desktop/repo/kafka-nodejs-getting-started/node_modules/node-rdkafka/build/deps -lcrypto -lz -ldl -lpthread
DBG 61103: compile check for libcrypto () failed: gcc  -gstrict-dwarf -O2 -fPIC -Wall -Wsign-compare -Wfloat-equal -Wpointer-arith -Wcast-align -Wall -Werror _mkltmpSMFkFP.c -o _mkltmpSMFkFP.c.o  -L/Users/rmasonh_dev/Desktop/repo/kafka-nodejs-getting-started/node_modules/node-rdkafka/build/deps -lcrypto -lz -ldl -lpthread: _mkltmpSMFkFP.c:2:10: fatal error: 'openssl/ssl.h' file not found
#include <openssl/ssl.h>
         ^~~~~~~~~~~~~~~
1 error generated.
DBG 61103: Setting libcrypto (libcrypto) status to failed (action disable)
DBG 61103: Check libcrypto (, action disable (originally disable)) failed: compile check failed:
CC: CC
flags: -lcrypto
gcc  -gstrict-dwarf -O2 -fPIC -Wall -Wsign-compare -Wfloat-equal -Wpointer-arith -Wcast-align -Wall -Werror _mkltmpSMFkFP.c -o _mkltmpSMFkFP.c.o  -L/Users/rmasonh_dev/Desktop/repo/kafka-nodejs-getting-started/node_modules/node-rdkafka/build/deps -lcrypto -lz -ldl -lpthread:
_mkltmpSMFkFP.c:2:10: fatal error: 'openssl/ssl.h' file not found
#include <openssl/ssl.h>
         ^~~~~~~~~~~~~~~
1 error generated.
source: 
#include <openssl/ssl.h>
#include <openssl/evp.h>
#if OPENSSL_VERSION_NUMBER < 0x1000100fL
#error "Requires OpenSSL version >= v1.0.1"
#endif
DBG 61103: libsasl2: Check for static library (libs -lsasl2, arfile variable STATIC_LIB_libsasl2=, static filenames )
DBG 61103: Compile check libsasl2 (WITH_SASL_CYRUS) (sub=0): gcc  -gstrict-dwarf -O2 -fPIC -Wall -Wsign-compare -Wfloat-equal -Wpointer-arith -Wcast-align -Wall -Werror _mkltmpx42dDt.c -o _mkltmpx42dDt.c.o  -L/Users/rmasonh_dev/Desktop/repo/kafka-nodejs-getting-started/node_modules/node-rdkafka/build/deps -lsasl2 -lz -ldl -lpthread
DBG 61103: Setting libsasl2 (libsasl2) status to ok (action disable)
DBG 61103: libsasl2: from lib_check: LIBS: prepend -lsasl2
DBG 61103: libzstd: Check for static library (libs -lzstd, arfile variable STATIC_LIB_libzstd=, static filenames libzstd.a)
DBG 61103: Compile check libzstd (WITH_ZSTD) (sub=0): gcc  -gstrict-dwarf -O2 -fPIC -Wall -Wsign-compare -Wfloat-equal -Wpointer-arith -Wcast-align -Wall -Werror _mkltmpiaYCDl.c -o _mkltmpiaYCDl.c.o  -L/Users/rmasonh_dev/Desktop/repo/kafka-nodejs-getting-started/node_modules/node-rdkafka/build/deps -lzstd -lsasl2 -lz -ldl -lpthread
DBG 61103: compile check for libzstd (WITH_ZSTD) failed: gcc  -gstrict-dwarf -O2 -fPIC -Wall -Wsign-compare -Wfloat-equal -Wpointer-arith -Wcast-align -Wall -Werror _mkltmpiaYCDl.c -o _mkltmpiaYCDl.c.o  -L/Users/rmasonh_dev/Desktop/repo/kafka-nodejs-getting-started/node_modules/node-rdkafka/build/deps -lzstd -lsasl2 -lz -ldl -lpthread: _mkltmpiaYCDl.c:2:10: fatal error: 'zstd.h' file not found
#include <zstd.h>
         ^~~~~~~~
1 error generated.
DBG 61103: Setting libzstd (libzstd) status to failed (action disable)
DBG 61103: Check libzstd (WITH_ZSTD, action disable (originally disable)) failed: compile check failed:
CC: CC
flags: -lzstd
gcc  -gstrict-dwarf -O2 -fPIC -Wall -Wsign-compare -Wfloat-equal -Wpointer-arith -Wcast-align -Wall -Werror _mkltmpiaYCDl.c -o _mkltmpiaYCDl.c.o  -L/Users/rmasonh_dev/Desktop/repo/kafka-nodejs-getting-started/node_modules/node-rdkafka/build/deps -lzstd -lsasl2 -lz -ldl -lpthread:
_mkltmpiaYCDl.c:2:10: fatal error: 'zstd.h' file not found
#include <zstd.h>
         ^~~~~~~~
1 error generated.
source: 
#include <zstd.h>
#include <zstd_errors.h>

void foo (void) {
     ZSTD_getFrameContentSize(NULL, 0);
}

DBG 61103: libcurl: Check for static library (libs -lcurl, arfile variable STATIC_LIB_libcurl=, static filenames libcurl.a)
DBG 61103: Compile check libcurl (WITH_CURL) (sub=0): gcc  -gstrict-dwarf -O2 -fPIC -Wall -Wsign-compare -Wfloat-equal -Wpointer-arith -Wcast-align -Wall -Werror _mkltmpZEXlHj.c -o _mkltmpZEXlHj.c.o  -L/Users/rmasonh_dev/Desktop/repo/kafka-nodejs-getting-started/node_modules/node-rdkafka/build/deps -lcurl -lsasl2 -lz -ldl -lpthread
DBG 61103: Setting libcurl (libcurl) status to ok (action disable)
DBG 61103: libcurl: from lib_check: LIBS: prepend -lcurl
DBG 61103: libm: Check for static library (libs -lm, arfile variable STATIC_LIB_libm=, static filenames )
DBG 61103: Compile check libm () (sub=0): gcc  -gstrict-dwarf -O2 -fPIC -Wall -Wsign-compare -Wfloat-equal -Wpointer-arith -Wcast-align -Wall -Werror _mkltmpkYwWQQ.c -o _mkltmpkYwWQQ.c.o  -L/Users/rmasonh_dev/Desktop/repo/kafka-nodejs-getting-started/node_modules/node-rdkafka/build/deps -lm -lcurl -lsasl2 -lz -ldl -lpthread
DBG 61103: Setting libm (libm) status to ok (action disable)
DBG 61103: libm: from lib_check: LIBS: prepend -lm
DBG 61103: liblz4: Check for static library (libs -llz4, arfile variable STATIC_LIB_liblz4=, static filenames liblz4.a)
DBG 61103: Compile check liblz4 (WITH_LZ4_EXT) (sub=0): gcc  -gstrict-dwarf -O2 -fPIC -Wall -Wsign-compare -Wfloat-equal -Wpointer-arith -Wcast-align -Wall -Werror _mkltmpazuQSH.c -o _mkltmpazuQSH.c.o  -L/Users/rmasonh_dev/Desktop/repo/kafka-nodejs-getting-started/node_modules/node-rdkafka/build/deps -llz4 -lm -lcurl -lsasl2 -lz -ldl -lpthread
DBG 61103: compile check for liblz4 (WITH_LZ4_EXT) failed: gcc  -gstrict-dwarf -O2 -fPIC -Wall -Wsign-compare -Wfloat-equal -Wpointer-arith -Wcast-align -Wall -Werror _mkltmpazuQSH.c -o _mkltmpazuQSH.c.o  -L/Users/rmasonh_dev/Desktop/repo/kafka-nodejs-getting-started/node_modules/node-rdkafka/build/deps -llz4 -lm -lcurl -lsasl2 -lz -ldl -lpthread: _mkltmpazuQSH.c:1:10: fatal error: 'lz4frame.h' file not found
#include <lz4frame.h>
         ^~~~~~~~~~~~
1 error generated.
DBG 61103: Setting liblz4 (liblz4) status to failed (action disable)
DBG 61103: Check liblz4 (WITH_LZ4_EXT, action disable (originally disable)) failed: compile check failed:
CC: CC
flags: -llz4
gcc  -gstrict-dwarf -O2 -fPIC -Wall -Wsign-compare -Wfloat-equal -Wpointer-arith -Wcast-align -Wall -Werror _mkltmpazuQSH.c -o _mkltmpazuQSH.c.o  -L/Users/rmasonh_dev/Desktop/repo/kafka-nodejs-getting-started/node_modules/node-rdkafka/build/deps -llz4 -lm -lcurl -lsasl2 -lz -ldl -lpthread:
_mkltmpazuQSH.c:1:10: fatal error: 'lz4frame.h' file not found
#include <lz4frame.h>
         ^~~~~~~~~~~~
1 error generated.
source: #include <lz4frame.h>
DBG 61103: Compile check syslog (WITH_SYSLOG) (sub=0): gcc  -gstrict-dwarf -O2 -fPIC -Wall -Wsign-compare -Wfloat-equal -Wpointer-arith -Wcast-align -Wall -Werror _mkltmpudeRXI.c -o _mkltmpudeRXI.c.o  -L/Users/rmasonh_dev/Desktop/repo/kafka-nodejs-getting-started/node_modules/node-rdkafka/build/deps  -lm -lcurl -lsasl2 -lz -ldl -lpthread
DBG 61103: Setting syslog (syslog) status to ok (action disable)
DBG 61103: Compile check rapidjson (WITH_RAPIDJSON) (sub=0): g++  -gstrict-dwarf -O2 -fPIC -Wall -Wsign-compare -Wfloat-equal -Wpointer-arith -Wcast-align -Wall -Werror _mkltmpLVmXpY.cpp -o _mkltmpLVmXpY.cpp.o  -L/Users/rmasonh_dev/Desktop/repo/kafka-nodejs-getting-started/node_modules/node-rdkafka/build/deps  -lm -lcurl -lsasl2 -lz -ldl -lpthread
DBG 61103: compile check for rapidjson (WITH_RAPIDJSON) failed: g++  -gstrict-dwarf -O2 -fPIC -Wall -Wsign-compare -Wfloat-equal -Wpointer-arith -Wcast-align -Wall -Werror _mkltmpLVmXpY.cpp -o _mkltmpLVmXpY.cpp.o  -L/Users/rmasonh_dev/Desktop/repo/kafka-nodejs-getting-started/node_modules/node-rdkafka/build/deps  -lm -lcurl -lsasl2 -lz -ldl -lpthread: _mkltmpLVmXpY.cpp:1:10: fatal error: 'rapidjson/schema.h' file not found
#include <rapidjson/schema.h>
         ^~~~~~~~~~~~~~~~~~~~
1 error generated.
DBG 61103: Setting rapidjson (rapidjson) status to failed (action disable)
DBG 61103: Check rapidjson (WITH_RAPIDJSON, action disable (originally disable)) failed: compile check failed:
CC: CXX
flags: 
g++  -gstrict-dwarf -O2 -fPIC -Wall -Wsign-compare -Wfloat-equal -Wpointer-arith -Wcast-align -Wall -Werror _mkltmpLVmXpY.cpp -o _mkltmpLVmXpY.cpp.o  -L/Users/rmasonh_dev/Desktop/repo/kafka-nodejs-getting-started/node_modules/node-rdkafka/build/deps  -lm -lcurl -lsasl2 -lz -ldl -lpthread:
_mkltmpLVmXpY.cpp:1:10: fatal error: 'rapidjson/schema.h' file not found
#include <rapidjson/schema.h>
         ^~~~~~~~~~~~~~~~~~~~
1 error generated.
source: #include <rapidjson/schema.h>
DBG 61103: Compile check crc32chw (WITH_CRC32C_HW) (sub=0): gcc  -gstrict-dwarf -O2 -fPIC -Wall -Wsign-compare -Wfloat-equal -Wpointer-arith -Wcast-align -Wall -Werror _mkltmpBPSLgD.c -o _mkltmpBPSLgD.c.o  -L/Users/rmasonh_dev/Desktop/repo/kafka-nodejs-getting-started/node_modules/node-rdkafka/build/deps  -lm -lcurl -lsasl2 -lz -ldl -lpthread
DBG 61103: Setting crc32chw (crc32chw) status to ok (action disable)
DBG 61103: Compile check regex (HAVE_REGEX) (sub=0): gcc  -gstrict-dwarf -O2 -fPIC -Wall -Wsign-compare -Wfloat-equal -Wpointer-arith -Wcast-align -Wall -Werror _mkltmpjoOaz9.c -o _mkltmpjoOaz9.c.o  -L/Users/rmasonh_dev/Desktop/repo/kafka-nodejs-getting-started/node_modules/node-rdkafka/build/deps  -lm -lcurl -lsasl2 -lz -ldl -lpthread
DBG 61103: Setting regex (regex) status to ok (action disable)
DBG 61103: Compile check rand_r (HAVE_RAND_R) (sub=0): gcc  -gstrict-dwarf -O2 -fPIC -Wall -Wsign-compare -Wfloat-equal -Wpointer-arith -Wcast-align -Wall -Werror _mkltmpGAbp9S.c -o _mkltmpGAbp9S.c.o  -L/Users/rmasonh_dev/Desktop/repo/kafka-nodejs-getting-started/node_modules/node-rdkafka/build/deps  -lm -lcurl -lsasl2 -lz -ldl -lpthread
DBG 61103: Setting rand_r (rand_r) status to ok (action disable)
DBG 61103: Compile check strndup (HAVE_STRNDUP) (sub=0): gcc  -gstrict-dwarf -O2 -fPIC -Wall -Wsign-compare -Wfloat-equal -Wpointer-arith -Wcast-align -Wall -Werror _mkltmp2QpkhS.c -o _mkltmp2QpkhS.c.o  -L/Users/rmasonh_dev/Desktop/repo/kafka-nodejs-getting-started/node_modules/node-rdkafka/build/deps  -lm -lcurl -lsasl2 -lz -ldl -lpthread
DBG 61103: Setting strndup (strndup) status to ok (action disable)
DBG 61103: Compile check strlcpy (HAVE_STRLCPY) (sub=0): gcc  -gstrict-dwarf -O2 -fPIC -Wall -Wsign-compare -Wfloat-equal -Wpointer-arith -Wcast-align -Wall -Werror _mkltmp52WMOI.c -o _mkltmp52WMOI.c.o  -L/Users/rmasonh_dev/Desktop/repo/kafka-nodejs-getting-started/node_modules/node-rdkafka/build/deps  -lm -lcurl -lsasl2 -lz -ldl -lpthread
DBG 61103: Setting strlcpy (strlcpy) status to ok (action disable)
DBG 61103: Compile check strerror_r (HAVE_STRERROR_R) (sub=0): gcc  -gstrict-dwarf -O2 -fPIC -Wall -Wsign-compare -Wfloat-equal -Wpointer-arith -Wcast-align -Wall -Werror _mkltmp064Euq.c -o _mkltmp064Euq.c.o  -L/Users/rmasonh_dev/Desktop/repo/kafka-nodejs-getting-started/node_modules/node-rdkafka/build/deps  -lm -lcurl -lsasl2 -lz -ldl -lpthread
DBG 61103: Setting strerror_r (strerror_r) status to ok (action disable)
DBG 61103: Compile check strcasestr (HAVE_STRCASESTR) (sub=0): gcc  -gstrict-dwarf -O2 -fPIC -Wall -Wsign-compare -Wfloat-equal -Wpointer-arith -Wcast-align -Wall -Werror _mkltmp88UcAV.c -o _mkltmp88UcAV.c.o  -L/Users/rmasonh_dev/Desktop/repo/kafka-nodejs-getting-started/node_modules/node-rdkafka/build/deps  -lm -lcurl -lsasl2 -lz -ldl -lpthread
DBG 61103: Setting strcasestr (strcasestr) status to ok (action disable)
DBG 61103: Compile check pthread_setname_gnu (HAVE_PTHREAD_SETNAME_GNU) (sub=0): gcc  -gstrict-dwarf -O2 -fPIC -Wall -Wsign-compare -Wfloat-equal -Wpointer-arith -Wcast-align -Wall -Werror _mkltmpizRp27.c -o _mkltmpizRp27.c.o  -L/Users/rmasonh_dev/Desktop/repo/kafka-nodejs-getting-started/node_modules/node-rdkafka/build/deps -D_GNU_SOURCE -lpthread -lm -lcurl -lsasl2 -lz -ldl -lpthread
DBG 61103: compile check for pthread_setname_gnu (HAVE_PTHREAD_SETNAME_GNU) failed: gcc  -gstrict-dwarf -O2 -fPIC -Wall -Wsign-compare -Wfloat-equal -Wpointer-arith -Wcast-align -Wall -Werror _mkltmpizRp27.c -o _mkltmpizRp27.c.o  -L/Users/rmasonh_dev/Desktop/repo/kafka-nodejs-getting-started/node_modules/node-rdkafka/build/deps -D_GNU_SOURCE -lpthread -lm -lcurl -lsasl2 -lz -ldl -lpthread: _mkltmpizRp27.c:5:38: error: too many arguments to function call, expected 1, have 2
  pthread_setname_np(pthread_self(), "abc");
  ~~~~~~~~~~~~~~~~~~                 ^~~~~
/Applications/Xcode.app/Contents/Developer/Platforms/MacOSX.platform/Developer/SDKs/MacOSX.sdk/usr/include/pthread.h:535:5: note: 'pthread_setname_np' declared here
int     pthread_setname_np(const char*);
        ^
1 error generated.
DBG 61103: Setting pthread_setname_gnu (pthread_setname_gnu) status to failed (action disable)
DBG 61103: Check pthread_setname_gnu (HAVE_PTHREAD_SETNAME_GNU, action disable (originally disable)) failed: compile check failed:
CC: CC
flags: -D_GNU_SOURCE -lpthread
gcc  -gstrict-dwarf -O2 -fPIC -Wall -Wsign-compare -Wfloat-equal -Wpointer-arith -Wcast-align -Wall -Werror _mkltmpizRp27.c -o _mkltmpizRp27.c.o  -L/Users/rmasonh_dev/Desktop/repo/kafka-nodejs-getting-started/node_modules/node-rdkafka/build/deps -D_GNU_SOURCE -lpthread -lm -lcurl -lsasl2 -lz -ldl -lpthread:
_mkltmpizRp27.c:5:38: error: too many arguments to function call, expected 1, have 2
  pthread_setname_np(pthread_self(), "abc");
  ~~~~~~~~~~~~~~~~~~                 ^~~~~
/Applications/Xcode.app/Contents/Developer/Platforms/MacOSX.platform/Developer/SDKs/MacOSX.sdk/usr/include/pthread.h:535:5: note: 'pthread_setname_np' declared here
int     pthread_setname_np(const char*);
        ^
1 error generated.
source: 
#include <pthread.h>

void foo (void) {
  pthread_setname_np(pthread_self(), "abc");
}

DBG 61103: Compile check pthread_setname_darwin (HAVE_PTHREAD_SETNAME_DARWIN) (sub=0): gcc  -gstrict-dwarf -O2 -fPIC -Wall -Wsign-compare -Wfloat-equal -Wpointer-arith -Wcast-align -Wall -Werror _mkltmpWmOauI.c -o _mkltmpWmOauI.c.o  -L/Users/rmasonh_dev/Desktop/repo/kafka-nodejs-getting-started/node_modules/node-rdkafka/build/deps -D_DARWIN_C_SOURCE -lpthread -lm -lcurl -lsasl2 -lz -ldl -lpthread
DBG 61103: Setting pthread_setname_darwin (pthread_setname_darwin) status to ok (action disable)
DBG 61103: Setting nm (nm) status to ok (action cont)
DBG 61103: Compile check getrusage (HAVE_GETRUSAGE) (sub=0): gcc  -gstrict-dwarf -O2 -fPIC -Wall -Wsign-compare -Wfloat-equal -Wpointer-arith -Wcast-align -Wall -Werror _mkltmpGLaDAU.c -o _mkltmpGLaDAU.c.o  -L/Users/rmasonh_dev/Desktop/repo/kafka-nodejs-getting-started/node_modules/node-rdkafka/build/deps  -lm -lcurl -lsasl2 -lz -ldl -lpthread
DBG 61103: Setting getrusage (getrusage) status to ok (action disable)
